EF/S/Y/AL/+B-VJ/F/X/-Y+XQ/+K+
KLR*-A+KD/-I-
HR*Y/
KZ+M+UH*O*S*O/+DL/+HI*+L+VJ*+
FH*G*NB*S*+UI/X/-HN/L/-LE/-T+D-RP/-K-LC/-OZ*Y/X/+ZO*+OC*O*+O+Z+O+FZ*Z*V*-EE/W/-H-T+Q-WJ/+CU/M/+M+
TU*A+EO*Y*+RV/+TW/U*+V-D+AQ/+VM/-DT/-C-
QG-M-YX*-TI/+N-H-E-QE*P*+WO/P*T/+P-H+LR*-U-OS/O*-IA/+O-
HA+DU/-MH*-E-IH/S*+JF*A*+
ZW/B*C/Z+DR*+PW/E/-
ZAO*+O-Q+F+U+W+BD/+W+Q+K-WQ/+G-B-M+IZ*+O-EA/W*-AS/+RN*+YE/D*D/J*+D+KB/T*U*D*+Z+
HI+PY*O/G*-U-H-PO*C/-D+Z-FH*+SM*B/+RC/+YJ/-G+F+U+A-HL/-YD/+GQ*B/+TS/B/+VN/A/G*+MT/H/I*V/+Q+FA*-
TE+NW*-WY/W*E*+Q+NO/-US*+
NV*Z+Z+T+WQ/-R-XU/Y/-O+VE/-Y-Z-DX/-U+Q+VP/P*-W+YA/+
YL/O-NW/+YC/+J-A+T-
RT*J*H+AL*+QO*+Z+SV*+F+O-E-T+O-HF/X*-AC*T*G/-MR*+P+
ZM*GF/S/D*D*+MA/-Q+I+Z+Y+AA*F*J*H/-Y-PY*F/V/S*S*+QQ*+I-PR*E/D*P/+R+P+V+ZB/B/-
IU*F-P-N-AU/C/-F-N-CY*P/K/A*+A+EK/I/S/-
REK/H*U/+GX*I/P/-E+E-JJ/-US/X*+D-W-M-B+GV*T*V*+AI/T/-RS/Y/+UQ/U*-C-XB*-YS*+R-S+B+N-Y-E-C+B+BE*O/-
QK+WG/Z*-YS/-Q-BF/M*Q/-I-I+ES/-Z-Q+QH*-DU*-E-J-YV*+X-QU*+Q-B+JV*X*G*+T-ZS/+F-KR*W*C*-
DK+T-GD/L*C*+P+UI/H/+BK*-ZD*-W-H-OC/G*U*H/+
ED*GZ/N*-Y+C-AA/V/O/+QA*Y*+YM/+N+CF*+I-
TSX/S*+QC/+J-N+P-N+N+XR/V*N*H*L/B/+IU/K*M/+NE*B/V*-EO/-FK/B*+BX/X*B*Q/K*-AF/-Y+T-G-W-W+
CI/E/QV*-
PT-ZW/B*-E-X+W+
ORM*+MS/-FF*X*-LO*Z*-A+JU/-H+G-OA/C*+KX*M*F/J/M/R/P/+D-OF*+DN/+R+Q+Z+CO*G/-SW*H*-
YH/R-X+S-AR*+Q-A-WD/R/-V-M-WP/-X-RO*W/Y*+O-W-VR/N*K/+N+T+
GN+SD*+WJ*+LL/X*W*+D-RG/S*H/-H+YI/T/J/F*+TX/+E+DL*+Q+SM*+J+GM/+VC/H/-ZZ*-FU/+XD/-RI*P/X*-M-
ZU/W/F/I*C-RT*+H-LT/L*-YF/-AL/+LL*F/F*+HI/+J+Y-HV*A*A*E*P*-Q+J+E-VP*W/J/-I-JH*+U+C-
FUS/H/G/L*+JQ/+U-
MJ/D-PK/+FB*-LN*-V+A+LB/+RM/S*+
PE/TW*J*J/Q/+PS/+QT/R/B*-AC*Z*+D-J-P+Q+Z-
CE/A*H*U/NN/G*H*+IR*F/+J+YB*F/-HV/E*+V+X+NR*+JT*U/-EW*-I+CT/-BF/-CM*M/+V+B+
VG*N/IH/+AA*+L-D-D-L+RW/E/K/V*T/-HD*U*-P+H+O-E+VA*N/O*O*I/+A+L+EK*+R-V-Z+DJ*M/X*B*P/+XW/-D+
YNM*X/I*+BM*A/H/+ZS/A/P*X*C*A/W*-V+E+L+YF*-KL*+MQ/J*F*B/+A-P-
CT-W-BM/-
EU/V+L-AU*X*E/Q*C/H*-S+Z-WE/-WU/+G+D+F+KO*I*+D-K+WO*+JD/-NK/-P+KN/-MO*P*E*+DJ/-Y+P-W+L-D+J+
QV-DF/I*E*N*-NQ*+N+KT/+P+P-S-Y+GG*V*-J-T+MQ*+H+Y-LT/-T+XX/E/+Z+A-MQ*+Z-L-YN/A*-DX*-
XE+QO/R*+V-FN/J/-R+R+EW*+Z-O+L+
YD-J+X-SF*-QV*+XJ/Z*R*F/K*-AK*N/+K-M-CJ/+UO*K*-R+JQ/+ZC/-Y-Y-HJ*+Y+OW/+N-
GB*N*K/NI/+DU/+I-IC*+N+B+B-E-GU*S/D/Y/+S-M+U+CB/+
DA/VM/X/-Y+ID/L/K/-
HJ+A+F+XU*-K+UD*X*P/+N-LU/I/S/+LO/+C+IN/X/N/J/L*+
JQL*-QQ*I/J*-RB*D*O*B/T/+F-G-BR/+F-NV*H*-QC/-I-Q-CN/+M+D-R-D+VH*-F-B-D+OZ*D*+J+T-ZM/K/D/-R-HR/Z/+X+
SO/K+
KD*D*S*ZT/-NX/K*I/D/-O+KR/-O+A-A-A-FY*D/+RA*-
WF/MZ*+BV/-ZM/L/+M+W-F-CX/+EM*+XY/U/H/K*U*+FS*Y/W/A*W/I/+K+J-OP/-J-DJ*+JN/A*-YL*+Y-XX/+EC*-L-S+
PA*PP/H/+T-C-U+TF*-P+Q-L-XU/R*-D+J-F+V-F+QM/Q/M/Z*G/-FA*-J+RG/Z/-EZ*-GP/G/A*F/+
XN*AN/-X+G-Q-L-I-Z+X+JT/N/-IF*-SM/O/B/-B+L-XE/-V-CP/-VZ*-B-P-GF*G*P*A*B*P*+Q+
YL/Q*YI*+QQ*X*B*-C+
RJV/G*+BA*I*B/-U+D+O-OZ*-TQ/I/+FA/-R+T+N-GW*H/-LW/L/-D-LT/-